app/build/outputs/logs/manifest-merger-debug-report.txt
-- Merging decision tree log ---
manifest
ADDED from src/main/AndroidManifest.xml:1:1-33:12
	package
		ADDED from src/main/AndroidManifest.xml:2:5-39
		INJECTED from src/main/AndroidManifest.xml
		INJECTED from src/main/AndroidManifest.xml
	android:versionName
		ADDED from src/main/AndroidManifest.xml:4:5-30
		INJECTED from src/main/AndroidManifest.xml
		INJECTED from src/main/AndroidManifest.xml
	android:versionCode
		ADDED from src/main/AndroidManifest.xml:3:5-28
		INJECTED from src/main/AndroidManifest.xml
		INJECTED from src/main/AndroidManifest.xml
	xmlns:android
		ADDED from src/main/AndroidManifest.xml:1:11-69
uses-sdk
ADDED from src/main/AndroidManifest.xml:6:5-8:41
	android:targetSdkVersion
		ADDED from src/main/AndroidManifest.xml:8:9-38
		INJECTED from src/main/AndroidManifest.xml
		INJECTED from src/main/AndroidManifest.xml
	android:minSdkVersion
		ADDED from src/main/AndroidManifest.xml:7:9-35
		INJECTED from src/main/AndroidManifest.xml
		INJECTED from src/main/AndroidManifest.xml
application
ADDED from src/main/AndroidManifest.xml:10:5-31:19
	android:label
		ADDED from src/main/AndroidManifest.xml:13:9-41
	android:allowBackup
		ADDED from src/main/AndroidManifest.xml:11:9-35
	android:icon
		ADDED from src/main/AndroidManifest.xml:12:9-40
	android:theme
		ADDED from src/main/AndroidManifest.xml:14:9-40
activity#com.example.burgerescape.MenuActivity
ADDED from src/main/AndroidManifest.xml:18:9-24:20
	android:name
		ADDED from src/main/AndroidManifest.xml:18:19-71
intent-filter#android.intent.action.MAIN+android.intent.category.LAUNCHER
ADDED from src/main/AndroidManifest.xml:20:13-23:29
action#android.intent.action.MAIN
ADDED from src/main/AndroidManifest.xml:21:17-68
	android:name
		ADDED from src/main/AndroidManifest.xml:21:25-66
category#android.intent.category.LAUNCHER
ADDED from src/main/AndroidManifest.xml:22:17-76
	android:name
		ADDED from src/main/AndroidManifest.xml:22:27-74
activity#com.example.burgerescape.MainActivity
ADDED from src/main/AndroidManifest.xml:26:9-28:20
	android:theme
		ADDED from src/main/AndroidManifest.xml:27:16-74
	android:name
		ADDED from src/main/AndroidManifest.xml:26:19-71
activity#com.example.burgerescape.ScoreActivity
ADDED from src/main/AndroidManifest.xml:29:9-84
	android:name
		ADDED from src/main/AndroidManifest.xml:29:19-72
activity#com.example.burgerescape.LooseActivity
ADDED from src/main/AndroidManifest.xml:30:9-84
	android:name
		ADDED from src/main/AndroidManifest.xml:30:19-72